<?xml version="1.0" encoding="UTF-8"?>
<coverage generated="1449600569">
  <project timestamp="1449600569">
    <file name="/Users/nickbreslin/projects/afterlife/AfterlifeWebServices/tests/tests.php">
      <class name="Bob" namespace="global">
        <metrics methods="1" coveredmethods="0" conditionals="0" coveredconditionals="0" statements="2" coveredstatements="0" elements="3" coveredelements="0"/>
      </class>
      <class name="StackTest" namespace="global">
        <metrics methods="3" coveredmethods="2" conditionals="0" coveredconditionals="0" statements="22" coveredstatements="15" elements="25" coveredelements="17"/>
      </class>
      <line num="14" type="method" name="Frank" crap="2" count="0"/>
      <line num="15" type="stmt" count="0"/>
      <line num="16" type="stmt" count="0"/>
      <line num="20" type="method" name="testPushAndPop" crap="1" count="1"/>
      <line num="22" type="stmt" count="1"/>
      <line num="23" type="stmt" count="1"/>
      <line num="25" type="stmt" count="1"/>
      <line num="26" type="stmt" count="1"/>
      <line num="27" type="stmt" count="1"/>
      <line num="29" type="stmt" count="1"/>
      <line num="30" type="stmt" count="1"/>
      <line num="31" type="stmt" count="1"/>
      <line num="33" type="method" name="testSwitch" crap="1" count="1"/>
      <line num="35" type="stmt" count="1"/>
      <line num="38" type="stmt" count="1"/>
      <line num="41" type="stmt" count="1"/>
      <line num="43" type="stmt" count="1"/>
      <line num="44" type="stmt" count="1"/>
      <line num="46" type="stmt" count="1"/>
      <line num="47" type="stmt" count="1"/>
      <line num="49" type="method" name="bob" crap="2" count="0"/>
      <line num="51" type="stmt" count="0"/>
      <line num="54" type="stmt" count="0"/>
      <line num="57" type="stmt" count="0"/>
      <line num="59" type="stmt" count="0"/>
      <line num="60" type="stmt" count="0"/>
      <line num="62" type="stmt" count="0"/>
      <line num="63" type="stmt" count="0"/>
      <metrics loc="63" ncloc="53" classes="2" methods="4" coveredmethods="2" conditionals="0" coveredconditionals="0" statements="24" coveredstatements="15" elements="28" coveredelements="17"/>
    </file>
    <metrics files="1" loc="63" ncloc="53" classes="2" methods="4" coveredmethods="2" conditionals="0" coveredconditionals="0" statements="24" coveredstatements="15" elements="28" coveredelements="17"/>
  </project>
</coverage>
